<?xml version="1.0" encoding="UTF-8"?>
<testng-results ignored="0" total="2" passed="2" failed="0" skipped="0">
  <reporter-output>
  </reporter-output>
  <suite started-at="2026-02-05T22:44:34 ICT" name="Default suite" finished-at="2026-02-05T22:44:48 ICT" duration-ms="14214">
    <groups>
    </groups>
    <test started-at="2026-02-05T22:44:34 ICT" name="Default test" finished-at="2026-02-05T22:44:48 ICT" duration-ms="14214">
      <class name="Railway.CreateAccountTest">
        <test-method is-config="true" signature="beforeMethod()[pri:0, instance:Railway.CreateAccountTest@5542c4ed]" started-at="2026-02-05T22:44:34 ICT" name="beforeMethod" finished-at="2026-02-05T22:44:35 ICT" duration-ms="1243" status="PASS">
          <reporter-output>
          </reporter-output>
        </test-method> <!-- beforeMethod -->
        <test-method signature="TC07()[pri:0, instance:Railway.CreateAccountTest@5542c4ed]" started-at="2026-02-05T22:44:35 ICT" name="TC07" finished-at="2026-02-05T22:44:41 ICT" duration-ms="5616" status="PASS">
          <reporter-output>
          </reporter-output>
        </test-method> <!-- TC07 -->
        <test-method is-config="true" signature="afterMethod()[pri:0, instance:Railway.CreateAccountTest@5542c4ed]" started-at="2026-02-05T22:44:41 ICT" name="afterMethod" finished-at="2026-02-05T22:44:41 ICT" duration-ms="216" status="PASS">
          <reporter-output>
          </reporter-output>
        </test-method> <!-- afterMethod -->
        <test-method is-config="true" signature="beforeMethod()[pri:0, instance:Railway.CreateAccountTest@5542c4ed]" started-at="2026-02-05T22:44:41 ICT" name="beforeMethod" finished-at="2026-02-05T22:44:42 ICT" duration-ms="971" status="PASS">
          <reporter-output>
          </reporter-output>
        </test-method> <!-- beforeMethod -->
        <test-method signature="TC08()[pri:0, instance:Railway.CreateAccountTest@5542c4ed]" started-at="2026-02-05T22:44:42 ICT" name="TC08" finished-at="2026-02-05T22:44:48 ICT" duration-ms="5914" status="PASS">
          <reporter-output>
          </reporter-output>
        </test-method> <!-- TC08 -->
        <test-method is-config="true" signature="afterMethod()[pri:0, instance:Railway.CreateAccountTest@5542c4ed]" started-at="2026-02-05T22:44:48 ICT" name="afterMethod" finished-at="2026-02-05T22:44:48 ICT" duration-ms="214" status="PASS">
          <reporter-output>
          </reporter-output>
        </test-method> <!-- afterMethod -->
      </class> <!-- Railway.CreateAccountTest -->
    </test> <!-- Default test -->
  </suite> <!-- Default suite -->
</testng-results>
